2019-08-12 11:23:00 - PHP Warning:  mysqli::__construct(): (HY000/1045): Access denied for user 'bn_opencart'@'localhost' (using password: YES) in /opt/lampp/apps/opencart/htdocs/system/library/db/mysqli.php on line 7
2019-08-12 11:23:00 - PHP Warning:  DB\MySQLi::__construct(): Couldn't fetch mysqli in /opt/lampp/apps/opencart/htdocs/system/library/db/mysqli.php on line 10
2019-08-12 11:23:00 - PHP Warning:  DB\MySQLi::__construct(): Couldn't fetch mysqli in /opt/lampp/apps/opencart/htdocs/system/library/db/mysqli.php on line 10
2019-08-12 11:23:05 - PHP Warning:  mysqli::__construct(): (HY000/1045): Access denied for user 'bn_opencart'@'localhost' (using password: YES) in /opt/lampp/apps/opencart/htdocs/system/library/db/mysqli.php on line 7
2019-08-12 11:23:05 - PHP Warning:  DB\MySQLi::__construct(): Couldn't fetch mysqli in /opt/lampp/apps/opencart/htdocs/system/library/db/mysqli.php on line 10
2019-08-12 11:23:05 - PHP Warning:  DB\MySQLi::__construct(): Couldn't fetch mysqli in /opt/lampp/apps/opencart/htdocs/system/library/db/mysqli.php on line 10
2019-08-12 11:23:39 - PHP Warning:  mysqli::__construct(): (HY000/1045): Access denied for user 'bn_opencart'@'localhost' (using password: YES) in /opt/lampp/apps/opencart/htdocs/system/library/db/mysqli.php on line 7
2019-08-12 11:23:39 - PHP Warning:  DB\MySQLi::__construct(): Couldn't fetch mysqli in /opt/lampp/apps/opencart/htdocs/system/library/db/mysqli.php on line 10
2019-08-12 11:23:39 - PHP Warning:  DB\MySQLi::__construct(): Couldn't fetch mysqli in /opt/lampp/apps/opencart/htdocs/system/library/db/mysqli.php on line 10
2019-08-12 11:23:42 - PHP Warning:  mysqli::__construct(): (HY000/1045): Access denied for user 'bn_opencart'@'localhost' (using password: YES) in /opt/lampp/apps/opencart/htdocs/system/library/db/mysqli.php on line 7
2019-08-12 11:23:42 - PHP Warning:  DB\MySQLi::__construct(): Couldn't fetch mysqli in /opt/lampp/apps/opencart/htdocs/system/library/db/mysqli.php on line 10
2019-08-12 11:23:42 - PHP Warning:  DB\MySQLi::__construct(): Couldn't fetch mysqli in /opt/lampp/apps/opencart/htdocs/system/library/db/mysqli.php on line 10
2019-08-12 11:24:30 - PHP Warning:  mysqli::__construct(): (HY000/1045): Access denied for user 'bn_opencart'@'localhost' (using password: YES) in /opt/lampp/apps/opencart/htdocs/system/library/db/mysqli.php on line 7
2019-08-12 11:24:30 - PHP Warning:  DB\MySQLi::__construct(): Couldn't fetch mysqli in /opt/lampp/apps/opencart/htdocs/system/library/db/mysqli.php on line 10
2019-08-12 11:24:30 - PHP Warning:  DB\MySQLi::__construct(): Couldn't fetch mysqli in /opt/lampp/apps/opencart/htdocs/system/library/db/mysqli.php on line 10
2019-08-12 11:24:34 - PHP Warning:  mysqli::__construct(): (HY000/1045): Access denied for user 'bn_opencart'@'localhost' (using password: YES) in /opt/lampp/apps/opencart/htdocs/system/library/db/mysqli.php on line 7
2019-08-12 11:24:34 - PHP Warning:  DB\MySQLi::__construct(): Couldn't fetch mysqli in /opt/lampp/apps/opencart/htdocs/system/library/db/mysqli.php on line 10
2019-08-12 11:24:34 - PHP Warning:  DB\MySQLi::__construct(): Couldn't fetch mysqli in /opt/lampp/apps/opencart/htdocs/system/library/db/mysqli.php on line 10
2019-08-12 11:24:41 - PHP Warning:  mysqli::__construct(): (HY000/1045): Access denied for user 'bn_opencart'@'localhost' (using password: YES) in /opt/lampp/apps/opencart/htdocs/system/library/db/mysqli.php on line 7
2019-08-12 11:24:41 - PHP Warning:  DB\MySQLi::__construct(): Couldn't fetch mysqli in /opt/lampp/apps/opencart/htdocs/system/library/db/mysqli.php on line 10
2019-08-12 11:24:41 - PHP Warning:  DB\MySQLi::__construct(): Couldn't fetch mysqli in /opt/lampp/apps/opencart/htdocs/system/library/db/mysqli.php on line 10
2019-08-12 11:33:38 - PHP Warning:  mysqli::__construct(): (HY000/1045): Access denied for user 'bn_opencart'@'localhost' (using password: YES) in /opt/lampp/apps/opencart/htdocs/system/library/db/mysqli.php on line 7
2019-08-12 11:33:38 - PHP Warning:  DB\MySQLi::__construct(): Couldn't fetch mysqli in /opt/lampp/apps/opencart/htdocs/system/library/db/mysqli.php on line 10
2019-08-12 11:33:38 - PHP Warning:  DB\MySQLi::__construct(): Couldn't fetch mysqli in /opt/lampp/apps/opencart/htdocs/system/library/db/mysqli.php on line 10
2019-08-12 11:33:44 - PHP Warning:  mysqli::__construct(): (HY000/1045): Access denied for user 'bn_opencart'@'localhost' (using password: YES) in /opt/lampp/apps/opencart/htdocs/system/library/db/mysqli.php on line 7
2019-08-12 11:33:44 - PHP Warning:  DB\MySQLi::__construct(): Couldn't fetch mysqli in /opt/lampp/apps/opencart/htdocs/system/library/db/mysqli.php on line 10
2019-08-12 11:33:44 - PHP Warning:  DB\MySQLi::__construct(): Couldn't fetch mysqli in /opt/lampp/apps/opencart/htdocs/system/library/db/mysqli.php on line 10
2019-08-22 11:59:02 - PHP Notice:  Undefined index: recurring_id in /opt/lampp/apps/opencart/htdocs/admin/model/catalog/product.php on line 198
2019-08-22 12:20:36 - PHP Notice:  Undefined index: recurring_id in /opt/lampp/apps/opencart/htdocs/admin/model/catalog/product.php on line 198
2019-08-22 12:30:16 - PHP Notice:  Undefined index: recurring_id in /opt/lampp/apps/opencart/htdocs/admin/model/catalog/product.php on line 198
2019-08-22 12:30:45 - PHP Notice:  Undefined index: recurring_id in /opt/lampp/apps/opencart/htdocs/admin/model/catalog/product.php on line 198
2019-08-22 12:38:03 - PHP Notice:  Undefined index: recurring_id in /opt/lampp/apps/opencart/htdocs/admin/model/catalog/product.php on line 198
2019-08-22 12:45:06 - PHP Notice:  Undefined index: recurring_id in /opt/lampp/apps/opencart/htdocs/admin/model/catalog/product.php on line 198
2019-08-25 6:31:09 - PHP Warning:  fsockopen(): php_network_getaddresses: getaddrinfo failed: Неизвестное имя или служба in /opt/lampp/apps/opencart/htdocs/system/library/mail/smtp.php on line 87
2019-08-25 6:31:09 - PHP Warning:  fsockopen(): unable to connect to :25 (php_network_getaddresses: getaddrinfo failed: Неизвестное имя или служба) in /opt/lampp/apps/opencart/htdocs/system/library/mail/smtp.php on line 87
2019-08-25 6:31:40 - PHP Warning:  fsockopen(): php_network_getaddresses: getaddrinfo failed: Неизвестное имя или служба in /opt/lampp/apps/opencart/htdocs/system/library/mail/smtp.php on line 87
2019-08-25 6:31:40 - PHP Warning:  fsockopen(): unable to connect to :25 (php_network_getaddresses: getaddrinfo failed: Неизвестное имя или служба) in /opt/lampp/apps/opencart/htdocs/system/library/mail/smtp.php on line 87
2019-08-25 11:18:54 - PayPal Express debug (Call data): {"METHOD":"SetExpressCheckout","MAXAMT":234.039999999999992041921359486877918243408203125,"RETURNURL":"https:\/\/localhost:443\/opencart\/index.php?route=extension\/payment\/pp_express\/checkoutReturn","CANCELURL":"https:\/\/localhost:443\/opencart\/index.php?route=checkout\/checkout","REQCONFIRMSHIPPING":0,"NOSHIPPING":0,"LANDINGPAGE":"Login","LOGOIMG":null,"CHANNELTYPE":"Merchant","PAYMENTREQUEST_0_SHIPTONAME":"\u0430\u0438 \u0430\u044b","PAYMENTREQUEST_0_SHIPTOSTREET":"\u0444\u044b\u0432","PAYMENTREQUEST_0_SHIPTOSTREET2":"","PAYMENTREQUEST_0_SHIPTOCITY":"\u0444\u044b\u0432","PAYMENTREQUEST_0_SHIPTOSTATE":"Ivanovo","PAYMENTREQUEST_0_SHIPTOZIP":"","PAYMENTREQUEST_0_SHIPTOCOUNTRYCODE":"RU","ADDROVERRIDE":1,"PAYMENTREQUEST_0_SHIPPINGAMT":"","PAYMENTREQUEST_0_CURRENCYCODE":"EUR","PAYMENTREQUEST_0_PAYMENTACTION":"Sale","L_PAYMENTREQUEST_0_DESC0":"\u0414\u0430\u0442\u0430 \u0434\u043e\u0441\u0442\u0430\u0432\u043a\u0438:2019-08-31","L_PAYMENTREQUEST_0_NAME0":"nike 270","L_PAYMENTREQUEST_0_NUMBER0":"270","L_PAYMENTREQUEST_0_AMT0":130,"L_PAYMENTREQUEST_0_QTY0":"1","L_PAYMENTREQUEST_0_ITEMURL0":"http:\/\/localhost:80\/opencart\/index.php?route=product\/product&amp;product_id=50","L_PAYMENTREQUEST_0_ITEMWEIGHTVALUE0":"0.10","L_PAYMENTREQUEST_0_ITEMWEIGHTUNIT0":"\u043a\u0433","L_PAYMENTREQUEST_0_ITEMLENGTHVALUE0":"270.00000000","L_PAYMENTREQUEST_0_ITEMLENGTHUNIT0":"\u043c\u043c","L_PAYMENTREQUEST_0_ITEMWIDTHVALUE0":"50.00000000","L_PAYMENTREQUEST_0_ITEMWIDTHUNIT0":"\u043c\u043c","L_PAYMENTREQUEST_0_ITEMHEIGHTVALUE0":"50.00000000","L_PAYMENTREQUEST_0_ITEMHEIGHTUNIT0":"\u043c\u043c","L_PAYMENTREQUEST_0_NUMBER1":"shipping","L_PAYMENTREQUEST_0_NAME1":"\u0414\u043e\u0441\u0442\u0430\u0432\u043a\u0430 \u0441 \u0444\u0438\u043a\u0441\u0438\u0440\u043e\u0432\u0430\u043d\u043d\u043e\u0439 \u0441\u0442\u043e\u0438\u043c\u043e\u0441\u0442\u044c\u044e \u0434\u043e\u0441\u0442\u0430\u0432\u043a\u0438","L_PAYMENTREQUEST_0_AMT1":6.5,"L_PAYMENTREQUEST_0_QTY1":1,"L_PAYMENTREQUEST_0_NUMBER2":"tax","L_PAYMENTREQUEST_0_NAME2":"\u041d\u0414\u0421","L_PAYMENTREQUEST_0_AMT2":27.300000000000000710542735760100185871124267578125,"L_PAYMENTREQUEST_0_QTY2":1,"L_PAYMENTREQUEST_0_NUMBER3":"tax","L_PAYMENTREQUEST_0_NAME3":"\u042d\u043a\u043e\u043b\u043e\u0433\u0438\u0447\u0435\u0441\u043a\u0438\u0439 \u043d\u0430\u043b\u043e\u0433","L_PAYMENTREQUEST_0_AMT3":0.05000000000000000277555756156289135105907917022705078125,"L_PAYMENTREQUEST_0_QTY3":1,"PAYMENTREQUEST_0_ITEMAMT":"163.85","PAYMENTREQUEST_0_AMT":"163.85"}
2019-08-25 11:18:56 - PayPal Express debug (Result): "TIMESTAMP=2019%2d08%2d25T11%3a18%3a55Z&CORRELATIONID=c45aa802d4243&ACK=Failure&VERSION=109%2e0&BUILD=53461756&L_ERRORCODE0=10002&L_SHORTMESSAGE0=Security%20error&L_LONGMESSAGE0=Security%20header%20is%20not%20valid&L_SEVERITYCODE0=Error"
2019-08-25 11:18:56 - Unable to create Paypal session{"TIMESTAMP":"2019-08-25T11:18:55Z","CORRELATIONID":"c45aa802d4243","ACK":"Failure","VERSION":"109.0","BUILD":"53461756","L_ERRORCODE0":"10002","L_SHORTMESSAGE0":"Security error","L_LONGMESSAGE0":"Security header is not valid","L_SEVERITYCODE0":"Error"}
